{
  "RSpec": {
    "coverage": {
      "/Users/rossedfort/code/deleteme/contact_manager/app/helpers/application_helper.rb": [
        1,
        null
      ],
      "/Users/rossedfort/code/deleteme/contact_manager/app/helpers/companies_helper.rb": [
        1,
        null
      ],
      "/Users/rossedfort/code/deleteme/contact_manager/app/helpers/email_addresses_helper.rb": [
        1,
        null
      ],
      "/Users/rossedfort/code/deleteme/contact_manager/app/helpers/people_helper.rb": [
        1,
        null
      ],
      "/Users/rossedfort/code/deleteme/contact_manager/app/helpers/phone_numbers_helper.rb": [
        1,
        null
      ],
      "/Users/rossedfort/code/deleteme/contact_manager/app/controllers/companies_controller.rb": [
        1,
        1,
        null,
        null,
        null,
        1,
        2,
        null,
        null,
        null,
        null,
        1,
        null,
        null,
        null,
        1,
        1,
        null,
        null,
        null,
        1,
        null,
        null,
        null,
        null,
        1,
        5,
        5,
        5,
        6,
        3,
        null,
        4,
        2,
        null,
        null,
        null,
        null,
        null,
        null,
        1,
        5,
        5,
        6,
        3,
        null,
        4,
        2,
        null,
        null,
        null,
        null,
        null,
        null,
        1,
        2,
        2,
        4,
        2,
        null,
        null,
        null,
        1,
        null,
        1,
        27,
        null,
        null,
        null,
        1,
        10,
        null,
        null
      ],
      "/Users/rossedfort/code/deleteme/contact_manager/app/controllers/application_controller.rb": [
        1,
        null,
        null,
        1,
        null
      ],
      "/Users/rossedfort/code/deleteme/contact_manager/app/controllers/email_addresses_controller.rb": [
        1,
        1,
        null,
        null,
        null,
        1,
        2,
        null,
        null,
        null,
        null,
        1,
        null,
        null,
        null,
        1,
        5,
        null,
        null,
        null,
        1,
        null,
        null,
        null,
        null,
        1,
        7,
        null,
        7,
        7,
        10,
        5,
        null,
        4,
        2,
        null,
        null,
        null,
        null,
        null,
        null,
        1,
        7,
        7,
        10,
        5,
        null,
        4,
        2,
        null,
        null,
        null,
        null,
        null,
        null,
        1,
        4,
        4,
        4,
        0,
        null,
        0,
        null,
        4,
        null,
        null,
        null,
        1,
        null,
        1,
        15,
        null,
        null,
        null,
        1,
        14,
        null,
        null
      ],
      "/Users/rossedfort/code/deleteme/contact_manager/app/controllers/people_controller.rb": [
        1,
        1,
        null,
        null,
        null,
        1,
        2,
        null,
        null,
        null,
        null,
        1,
        null,
        null,
        null,
        1,
        1,
        null,
        null,
        null,
        1,
        null,
        null,
        null,
        null,
        1,
        5,
        5,
        5,
        6,
        3,
        null,
        4,
        2,
        null,
        null,
        null,
        null,
        null,
        null,
        1,
        5,
        5,
        6,
        3,
        null,
        4,
        2,
        null,
        null,
        null,
        null,
        null,
        null,
        1,
        2,
        2,
        4,
        2,
        null,
        null,
        null,
        1,
        null,
        1,
        27,
        null,
        null,
        null,
        1,
        10,
        null,
        null
      ],
      "/Users/rossedfort/code/deleteme/contact_manager/app/controllers/phone_numbers_controller.rb": [
        1,
        1,
        null,
        1,
        2,
        null,
        null,
        1,
        null,
        null,
        1,
        3,
        null,
        null,
        1,
        null,
        null,
        1,
        7,
        7,
        7,
        10,
        5,
        null,
        4,
        2,
        null,
        null,
        null,
        null,
        1,
        7,
        7,
        10,
        5,
        null,
        4,
        2,
        null,
        null,
        null,
        null,
        1,
        4,
        4,
        4,
        0,
        null,
        0,
        null,
        4,
        null,
        null,
        null,
        1,
        null,
        1,
        15,
        null,
        null,
        1,
        14,
        null,
        null
      ],
      "/Users/rossedfort/code/deleteme/contact_manager/app/models/company.rb": [
        1,
        1,
        null,
        1,
        1,
        null
      ],
      "/Users/rossedfort/code/deleteme/contact_manager/app/models/email_address.rb": [
        1,
        1,
        null,
        1,
        null
      ],
      "/Users/rossedfort/code/deleteme/contact_manager/app/models/person.rb": [
        1,
        1,
        1,
        1,
        null
      ],
      "/Users/rossedfort/code/deleteme/contact_manager/app/models/phone_number.rb": [
        1,
        1,
        null,
        1,
        null
      ]
    },
    "timestamp": 1446419207
  }
}
